2025-02-15 01:25:59,186-DEBUG-【views-update_events: line 180】日程更新，详情：{'id': '1', 'title': '让我们开始吧！', 'start': '2025-02-10T22:00:00.000Z', 'end': '2025-02-10T23:00:00.000Z', 'color': 'red', 'description': '花一小时时间，学习如何使用我们的计划工具！', 'importance': 'important', 'urgency': 'urgent'}
2025-02-15 01:25:59,894-DEBUG-【views-update_events: line 180】日程更新，详情：{'id': '1', 'title': '让我们开始吧！', 'start': '2025-02-12T18:30:00.000Z', 'end': '2025-02-12T19:30:00.000Z', 'color': 'red', 'description': '花一小时时间，学习如何使用我们的计划工具！', 'importance': 'important', 'urgency': 'urgent'}
2025-02-15 01:26:02,254-DEBUG-【views-update_events: line 180】日程更新，详情：{'id': '1', 'title': '让我们开始吧！', 'start': '2025-02-12T18:00:00.000Z', 'end': '2025-02-12T19:00:00.000Z', 'color': 'red', 'description': '花一小时时间，学习如何使用我们的计划工具！', 'importance': 'important', 'urgency': 'urgent'}
2025-02-15 01:26:02,928-DEBUG-【views-update_events: line 180】日程更新，详情：{'id': '1', 'title': '让我们开始吧！', 'start': '2025-02-10T18:00:00.000Z', 'end': '2025-02-10T19:00:00.000Z', 'color': 'red', 'description': '花一小时时间，学习如何使用我们的计划工具！', 'importance': 'important', 'urgency': 'urgent'}
2025-02-15 01:26:06,151-DEBUG-【views-update_events: line 180】日程更新，详情：{'id': '1', 'title': '让我们开始吧！', 'start': '2025-02-12T18:30:00.000Z', 'end': '2025-02-12T19:30:00.000Z', 'color': 'red', 'description': '花一小时时间，学习如何使用我们的计划工具！', 'importance': 'important', 'urgency': 'urgent'}
2025-02-15 01:26:48,512-DEBUG-【views-update_events: line 180】日程更新，详情：{'id': '1', 'title': '让我们开始吧！', 'start': '2025-02-10T19:00:00.000Z', 'end': '2025-02-10T20:00:00.000Z', 'color': '#333', 'description': '花一小时时间，学习如何使用我们的计划工具！', 'importance': 'important', 'urgency': 'urgent'}
2025-02-15 01:26:50,118-DEBUG-【views-update_events: line 180】日程更新，详情：{'id': '1', 'title': '让我们开始吧！', 'start': '2025-02-10T21:30:00.000Z', 'end': '2025-02-10T22:30:00.000Z', 'color': '#333', 'description': '花一小时时间，学习如何使用我们的计划工具！', 'importance': 'important', 'urgency': 'urgent'}
2025-02-15 01:26:53,207-DEBUG-【views-update_events: line 180】日程更新，详情：{'id': '1', 'title': '让我们开始吧！', 'start': '2025-02-12T17:30:00.000Z', 'end': '2025-02-12T18:30:00.000Z', 'color': '#333', 'description': '花一小时时间，学习如何使用我们的计划工具！', 'importance': 'important', 'urgency': 'urgent'}
2025-02-15 01:26:54,879-DEBUG-【views-update_events: line 180】日程更新，详情：{'id': '1', 'title': '让我们开始吧！', 'start': '2025-02-12T19:00:00.000Z', 'end': '2025-02-12T20:00:00.000Z', 'color': '#333', 'description': '花一小时时间，学习如何使用我们的计划工具！', 'importance': 'important', 'urgency': 'urgent'}
2025-02-15 01:29:32,292-DEBUG-【views-update_events: line 180】日程更新，详情：{'id': 'ffa2967c-9311-4784-aca2-584d19c05979', 'title': '操逼喵喵', 'start': '2025-02-11T18:54:00.000Z', 'end': '2025-02-11T20:55:00.000Z', 'description': 'mmm', 'importance': 'important', 'urgency': 'urgent'}
2025-02-15 01:29:33,388-DEBUG-【views-update_events: line 180】日程更新，详情：{'id': 'ffa2967c-9311-4784-aca2-584d19c05979', 'title': '操逼喵喵', 'start': '2025-02-09T18:24:00.000Z', 'end': '2025-02-09T20:25:00.000Z', 'description': 'mmm', 'importance': 'important', 'urgency': 'urgent'}
2025-02-15 01:29:34,788-DEBUG-【views-update_events: line 180】日程更新，详情：{'id': 'ffa2967c-9311-4784-aca2-584d19c05979', 'title': '操逼喵喵', 'start': '2025-02-11T16:24:00.000Z', 'end': '2025-02-11T18:25:00.000Z', 'description': 'mmm', 'importance': 'important', 'urgency': 'urgent'}
2025-02-15 01:29:46,583-DEBUG-【views-update_events: line 180】日程更新，详情：{'id': 'ffa2967c-9311-4784-aca2-584d19c05979', 'title': '操逼喵喵', 'start': '2025-02-11T23:54:00.000Z', 'end': '2025-02-12T01:55:00.000Z', 'description': 'mmm', 'importance': 'important', 'urgency': 'urgent'}
2025-02-15 01:29:47,765-DEBUG-【views-update_events: line 180】日程更新，详情：{'id': '1', 'title': '让我们开始吧！', 'start': '2025-02-08T19:00:00.000Z', 'end': '2025-02-08T20:00:00.000Z', 'color': '#333', 'description': '花一小时时间，学习如何使用我们的计划工具！', 'importance': 'important', 'urgency': 'urgent'}
2025-02-15 01:29:48,667-DEBUG-【views-update_events: line 180】日程更新，详情：{'id': 'ffa2967c-9311-4784-aca2-584d19c05979', 'title': '操逼喵喵', 'start': '2025-02-10T17:24:00.000Z', 'end': '2025-02-10T19:25:00.000Z', 'description': 'mmm', 'importance': 'important', 'urgency': 'urgent'}
2025-02-15 01:29:49,837-DEBUG-【views-update_events: line 180】日程更新，详情：{'id': '1', 'title': '让我们开始吧！', 'start': '2025-02-12T21:00:00.000Z', 'end': '2025-02-12T22:00:00.000Z', 'color': '#333', 'description': '花一小时时间，学习如何使用我们的计划工具！', 'importance': 'important', 'urgency': 'urgent'}
2025-02-15 01:29:50,810-DEBUG-【views-update_events: line 180】日程更新，详情：{'id': 'ffa2967c-9311-4784-aca2-584d19c05979', 'title': '操逼喵喵', 'start': '2025-02-13T18:24:00.000Z', 'end': '2025-02-13T20:25:00.000Z', 'description': 'mmm', 'importance': 'important', 'urgency': 'urgent'}
2025-02-15 01:29:51,645-DEBUG-【views-update_events: line 180】日程更新，详情：{'id': '1', 'title': '让我们开始吧！', 'start': '2025-02-12T17:30:00.000Z', 'end': '2025-02-12T18:30:00.000Z', 'color': '#333', 'description': '花一小时时间，学习如何使用我们的计划工具！', 'importance': 'important', 'urgency': 'urgent'}
2025-02-15 01:29:52,740-DEBUG-【views-update_events: line 180】日程更新，详情：{'id': 'ffa2967c-9311-4784-aca2-584d19c05979', 'title': '操逼喵喵', 'start': '2025-02-10T18:54:00.000Z', 'end': '2025-02-10T20:55:00.000Z', 'description': 'mmm', 'importance': 'important', 'urgency': 'urgent'}
2025-02-15 01:29:53,459-DEBUG-【views-update_events: line 180】日程更新，详情：{'id': '1', 'title': '让我们开始吧！', 'start': '2025-02-12T22:00:00.000Z', 'end': '2025-02-12T23:00:00.000Z', 'color': '#333', 'description': '花一小时时间，学习如何使用我们的计划工具！', 'importance': 'important', 'urgency': 'urgent'}
2025-02-15 01:29:54,271-DEBUG-【views-update_events: line 180】日程更新，详情：{'id': 'ffa2967c-9311-4784-aca2-584d19c05979', 'title': '操逼喵喵', 'start': '2025-02-13T19:24:00.000Z', 'end': '2025-02-13T21:25:00.000Z', 'description': 'mmm', 'importance': 'important', 'urgency': 'urgent'}
2025-02-15 01:29:54,930-DEBUG-【views-update_events: line 180】日程更新，详情：{'id': '1', 'title': '让我们开始吧！', 'start': '2025-02-12T17:30:00.000Z', 'end': '2025-02-12T18:30:00.000Z', 'color': '#333', 'description': '花一小时时间，学习如何使用我们的计划工具！', 'importance': 'important', 'urgency': 'urgent'}
2025-02-15 01:29:55,938-DEBUG-【views-update_events: line 180】日程更新，详情：{'id': 'ffa2967c-9311-4784-aca2-584d19c05979', 'title': '操逼喵喵', 'start': '2025-02-10T19:24:00.000Z', 'end': '2025-02-10T21:25:00.000Z', 'description': 'mmm', 'importance': 'important', 'urgency': 'urgent'}
2025-02-15 01:29:57,011-DEBUG-【views-update_events: line 180】日程更新，详情：{'id': '1', 'title': '让我们开始吧！', 'start': '2025-02-12T22:30:00.000Z', 'end': '2025-02-12T23:30:00.000Z', 'color': '#333', 'description': '花一小时时间，学习如何使用我们的计划工具！', 'importance': 'important', 'urgency': 'urgent'}
2025-02-15 01:29:57,803-DEBUG-【views-update_events: line 180】日程更新，详情：{'id': 'ffa2967c-9311-4784-aca2-584d19c05979', 'title': '操逼喵喵', 'start': '2025-02-13T19:24:00.000Z', 'end': '2025-02-13T21:25:00.000Z', 'description': 'mmm', 'importance': 'important', 'urgency': 'urgent'}
2025-02-15 01:30:35,825-DEBUG-【views-delete_event: line 243】指定了要删除的日程代码：ffa2967c-9311-4784-aca2-584d19c05979
2025-02-15 01:30:37,809-DEBUG-【views-delete_event: line 243】指定了要删除的日程代码：1
2025-02-15 01:35:47,417-DEBUG-【views-create_event: line 225】用户创建了新日程，详情 {'id': 'e17922b7-1ad9-404e-ac9a-af98d64a11e2', 'title': '操逼喵喵', 'start': '2025-02-15T01:35', 'end': '2025-02-15T01:37', 'description': '喵喵', 'importance': 'important', 'urgency': 'urgent'}
2025-02-15 01:35:50,278-DEBUG-【views-update_events: line 180】日程更新，详情：{'id': 'e17922b7-1ad9-404e-ac9a-af98d64a11e2', 'title': '操逼喵喵', 'start': '2025-02-11T17:05:00.000Z', 'end': '2025-02-11T17:07:00.000Z', 'description': '喵喵', 'importance': 'important', 'urgency': 'urgent'}
2025-02-15 01:35:54,843-DEBUG-【views-update_events: line 180】日程更新，详情：{'id': 'e17922b7-1ad9-404e-ac9a-af98d64a11e2', 'title': '操逼喵喵', 'start': '2025-02-11T17:05:00.000Z', 'end': '2025-02-11T23:07:00.000Z', 'description': '喵喵', 'importance': 'important', 'urgency': 'urgent'}
2025-02-15 01:35:56,002-DEBUG-【views-update_events: line 180】日程更新，详情：{'id': 'e17922b7-1ad9-404e-ac9a-af98d64a11e2', 'title': '操逼喵喵', 'start': '2025-02-11T16:05:00.000Z', 'end': '2025-02-11T22:07:00.000Z', 'description': '喵喵', 'importance': 'important', 'urgency': 'urgent'}
2025-02-15 01:39:20,161-DEBUG-【views-update_events: line 180】日程更新，详情：{'id': 'e17922b7-1ad9-404e-ac9a-af98d64a11e2', 'title': '语文课', 'start': '2025-02-12T00:00:00.000Z', 'end': '2025-02-12T02:00:00.000Z', 'description': '', 'importance': 'not-important', 'urgency': 'not-urgent'}
2025-02-15 01:40:07,777-DEBUG-【views-create_event: line 225】用户创建了新日程，详情 {'id': '62f29170-8d79-4066-8a87-1bbe82553d32', 'title': '操逼喵喵', 'start': '2025-02-15T01:40', 'end': '2025-02-15T01:41', 'description': '', 'importance': '', 'urgency': ''}
2025-02-15 01:40:11,957-DEBUG-【views-update_events: line 180】日程更新，详情：{'id': '62f29170-8d79-4066-8a87-1bbe82553d32', 'title': '操逼喵喵', 'start': '2025-02-14T17:40:00.000Z', 'end': '2025-02-14T21:11:00.000Z', 'description': '', 'importance': '', 'urgency': ''}
2025-02-15 01:40:15,068-DEBUG-【views-update_events: line 180】日程更新，详情：{'id': '62f29170-8d79-4066-8a87-1bbe82553d32', 'title': '操逼喵喵', 'start': '2025-02-12T17:40:00.000Z', 'end': '2025-02-12T21:11:00.000Z', 'description': '', 'importance': '', 'urgency': ''}
2025-02-15 02:07:31,200-DEBUG-【views-update_events: line 180】日程更新，详情：{'id': '62f29170-8d79-4066-8a87-1bbe82553d32', 'title': '操逼喵喵', 'start': '2025-02-12T17:40:00.000Z', 'end': '2025-02-12T21:11:00.000Z', 'description': '', 'importance': 'not-important', 'urgency': 'not-urgent'}
2025-02-15 02:09:24,972-DEBUG-【views-update_events: line 180】日程更新，详情：{'id': '62f29170-8d79-4066-8a87-1bbe82553d32', 'title': '操逼喵喵', 'start': '2025-02-12T17:40:00.000Z', 'end': '2025-02-12T21:11:00.000Z', 'description': '', 'importance': '', 'urgency': ''}
2025-02-15 02:09:26,892-DEBUG-【views-update_events: line 180】日程更新，详情：{'id': '62f29170-8d79-4066-8a87-1bbe82553d32', 'title': '操逼喵喵', 'start': '2025-02-12T17:40:00.000Z', 'end': '2025-02-12T21:11:00.000Z', 'description': '', 'importance': 'not-important', 'urgency': 'not-urgent'}
2025-02-15 02:09:30,691-DEBUG-【views-update_events: line 180】日程更新，详情：{'id': '62f29170-8d79-4066-8a87-1bbe82553d32', 'title': '操逼喵喵', 'start': '2025-02-12T17:40:00.000Z', 'end': '2025-02-12T21:11:00.000Z', 'description': '', 'importance': '', 'urgency': ''}
2025-02-15 02:09:32,989-DEBUG-【views-update_events: line 180】日程更新，详情：{'id': '62f29170-8d79-4066-8a87-1bbe82553d32', 'title': '操逼喵喵', 'start': '2025-02-12T17:40:00.000Z', 'end': '2025-02-12T21:11:00.000Z', 'description': '', 'importance': 'important', 'urgency': 'not-urgent'}
2025-02-15 02:09:35,044-DEBUG-【views-update_events: line 180】日程更新，详情：{'id': '62f29170-8d79-4066-8a87-1bbe82553d32', 'title': '操逼喵喵', 'start': '2025-02-12T17:40:00.000Z', 'end': '2025-02-12T21:11:00.000Z', 'description': '', 'importance': 'not-important', 'urgency': 'not-urgent'}
2025-02-15 02:09:52,164-DEBUG-【views-create_event: line 225】用户创建了新日程，详情 {'id': 'eda811ef-4d01-499c-9931-771d36b871ce', 'title': '吃饭', 'start': '2025-02-15T02:09', 'end': '2025-02-15T02:09', 'description': '方法', 'importance': '', 'urgency': ''}
2025-02-15 02:09:54,501-DEBUG-【views-update_events: line 180】日程更新，详情：{'id': 'eda811ef-4d01-499c-9931-771d36b871ce', 'title': '吃饭', 'start': '2025-02-14T18:09:00.000Z', 'end': '1970-01-01T00:00:00.000Z', 'description': '方法', 'importance': 'important', 'urgency': 'urgent'}
2025-02-15 02:09:59,633-DEBUG-【views-delete_event: line 243】指定了要删除的日程代码：eda811ef-4d01-499c-9931-771d36b871ce
2025-02-15 02:10:12,704-DEBUG-【views-create_event: line 225】用户创建了新日程，详情 {'id': '17288926-34ce-46f1-9c92-95f44a2f3147', 'title': '操逼', 'start': '2025-02-15T02:10', 'end': '2025-02-15T02:11', 'description': '喵喵', 'importance': 'important', 'urgency': 'urgent'}
2025-02-15 02:10:17,532-DEBUG-【views-update_events: line 180】日程更新，详情：{'id': '17288926-34ce-46f1-9c92-95f44a2f3147', 'title': '操逼', 'start': '2025-02-14T18:10:00.000Z', 'end': '2025-02-15T00:11:00.000Z', 'description': '喵喵', 'importance': 'important', 'urgency': 'urgent'}
2025-02-15 02:10:24,543-DEBUG-【views-delete_event: line 243】指定了要删除的日程代码：17288926-34ce-46f1-9c92-95f44a2f3147
2025-02-15 02:11:05,133-DEBUG-【views-delete_event: line 243】指定了要删除的日程代码：62f29170-8d79-4066-8a87-1bbe82553d32
2025-02-15 02:23:34,246-DEBUG-【views-create_event: line 225】用户创建了新日程，详情 {'id': 'ffa36e29-b215-4b00-b8bd-8f543893ae42', 'title': '操逼', 'start': '2025-02-13T08:00', 'end': '2025-02-13T10:00', 'description': '', 'importance': '', 'urgency': ''}
2025-02-15 02:23:38,387-DEBUG-【views-update_events: line 180】日程更新，详情：{'id': 'ffa36e29-b215-4b00-b8bd-8f543893ae42', 'title': '操逼', 'start': '2025-02-13T00:00:00.000Z', 'end': '2025-02-13T02:00:00.000Z', 'description': '', 'importance': 'not-important', 'urgency': 'urgent'}
2025-02-15 02:23:40,869-DEBUG-【views-update_events: line 180】日程更新，详情：{'id': 'ffa36e29-b215-4b00-b8bd-8f543893ae42', 'title': '操逼', 'start': '2025-02-13T00:00:00.000Z', 'end': '2025-02-13T02:00:00.000Z', 'description': '', 'importance': 'important', 'urgency': 'urgent'}
2025-02-15 02:23:44,473-DEBUG-【views-delete_event: line 243】指定了要删除的日程代码：ffa36e29-b215-4b00-b8bd-8f543893ae42
2025-02-15 02:23:55,581-DEBUG-【views-update_events: line 180】日程更新，详情：{'id': 'e17922b7-1ad9-404e-ac9a-af98d64a11e2', 'title': '语文课', 'start': '2025-02-13T00:00:00.000Z', 'end': '2025-02-13T02:00:00.000Z', 'description': '', 'importance': 'not-important', 'urgency': 'not-urgent'}
2025-02-15 02:23:57,005-DEBUG-【views-update_events: line 180】日程更新，详情：{'id': 'e17922b7-1ad9-404e-ac9a-af98d64a11e2', 'title': '语文课', 'start': '2025-02-11T21:30:00.000Z', 'end': '2025-02-11T23:30:00.000Z', 'description': '', 'importance': 'not-important', 'urgency': 'not-urgent'}
2025-02-15 02:23:59,017-DEBUG-【views-update_events: line 180】日程更新，详情：{'id': 'e17922b7-1ad9-404e-ac9a-af98d64a11e2', 'title': '语文课', 'start': '2025-02-11T23:00:00.000Z', 'end': '2025-02-12T01:00:00.000Z', 'description': '', 'importance': 'not-important', 'urgency': 'not-urgent'}
2025-02-15 02:24:25,275-DEBUG-【views-update_events: line 180】日程更新，详情：{'id': 'e17922b7-1ad9-404e-ac9a-af98d64a11e2', 'title': '语文课', 'start': '2025-02-09T18:00:00.000Z', 'end': '2025-02-09T20:00:00.000Z', 'description': '', 'importance': 'not-important', 'urgency': 'not-urgent'}
